2022-03-25 15:28:55,785 INFO 31551 [egg:logger] init all loggers with options: {"dir":"/Users/rs-front-01/Documents/scrm/databurning-scrm-web/logs/","encoding":"utf8","env":"local","level":"DEBUG","consoleLevel":"DEBUG","disableConsoleAfterReady":false,"outputJSON":false,"buffer":true,"appLogName":"ranshu-finance-node.log","coreLogName":"ranshu-finance-node-core.log","agentLogName":"ranshu-finance-node-agent.log","errorLogName":"ranshu-finance-node.err","coreLogger":{"consoleLevel":"WARN"},"allowDebugAtProd":false,"enablePerformanceTimer":false,"type":"application"}
2022-03-25 15:28:55,827 INFO 31551 [egg-multipart] stream mode enable
2022-03-25 15:28:55,969 INFO 31551 [egg-redis] server connecting redis://:***@172.19.228.122:6379/2
2022-03-25 15:28:56,372 INFO 31551 [egg-static] starting static serve /public/ -> /Users/rs-front-01/Documents/scrm/databurning-scrm-web/app/public
2022-03-25 15:28:56,374 INFO 31551 [egg-security] use methodnoallow middleware
2022-03-25 15:28:56,376 INFO 31551 [egg-security] use noopen middleware
2022-03-25 15:28:56,378 INFO 31551 [egg-security] use nosniff middleware
2022-03-25 15:28:56,380 INFO 31551 [egg-security] use xssProtection middleware
2022-03-25 15:28:56,382 INFO 31551 [egg-security] use xframe middleware
2022-03-25 15:28:56,385 INFO 31551 [egg-security] use dta middleware
2022-03-25 15:28:56,385 INFO 31551 [egg-security] compose 6 middlewares into one security middleware
2022-03-25 15:28:56,468 INFO 31551 [egg:core] dump config after load, 15ms
2022-03-25 15:28:56,493 INFO 31551 [egg-redis] client connect success
2022-03-25 15:28:56,495 INFO 31551 [egg-watcher:application] watcher start success
2022-03-25 15:28:56,518 INFO 31551 [egg-redis] instance[0] status OK, client ready
2022-03-25 15:28:56,548 INFO 31551 [egg:core] dump config after ready, 21ms
2022-03-25 15:42:15,447 INFO 34564 [egg:logger] init all loggers with options: {"dir":"/Users/rs-front-01/Documents/scrm/databurning-scrm-web/logs/","encoding":"utf8","env":"local","level":"DEBUG","consoleLevel":"DEBUG","disableConsoleAfterReady":false,"outputJSON":false,"buffer":true,"appLogName":"ranshu-finance-node.log","coreLogName":"ranshu-finance-node-core.log","agentLogName":"ranshu-finance-node-agent.log","errorLogName":"ranshu-finance-node.err","coreLogger":{"consoleLevel":"WARN"},"allowDebugAtProd":false,"enablePerformanceTimer":false,"type":"application"}
2022-03-25 15:42:15,522 INFO 34564 [egg-multipart] stream mode enable
2022-03-25 15:42:15,695 INFO 34564 [egg-redis] server connecting redis://:***@172.19.228.122:6379/2
2022-03-25 15:42:16,018 INFO 34564 [egg-static] starting static serve /public/ -> /Users/rs-front-01/Documents/scrm/databurning-scrm-web/app/public
2022-03-25 15:42:16,022 INFO 34564 [egg-security] use methodnoallow middleware
2022-03-25 15:42:16,024 INFO 34564 [egg-security] use noopen middleware
2022-03-25 15:42:16,025 INFO 34564 [egg-security] use nosniff middleware
2022-03-25 15:42:16,027 INFO 34564 [egg-security] use xssProtection middleware
2022-03-25 15:42:16,028 INFO 34564 [egg-security] use xframe middleware
2022-03-25 15:42:16,030 INFO 34564 [egg-security] use dta middleware
2022-03-25 15:42:16,030 INFO 34564 [egg-security] compose 6 middlewares into one security middleware
2022-03-25 15:42:16,066 INFO 34564 [egg:core] dump config after load, 8ms
2022-03-25 15:42:16,085 INFO 34564 [egg-redis] client connect success
2022-03-25 15:42:16,091 INFO 34564 [egg-watcher:application] watcher start success
2022-03-25 15:42:16,101 INFO 34564 [egg-redis] instance[0] status OK, client ready
2022-03-25 15:42:16,113 INFO 34564 [egg:core] dump config after ready, 10ms
2022-03-25 15:42:21,507 INFO 34564 [egg-view-nunjucks] loading templates from ["/Users/rs-front-01/Documents/scrm/databurning-scrm-web/app/view"]
2022-03-25 15:47:14,918 INFO 35868 [egg:logger] init all loggers with options: {"dir":"/Users/rs-front-01/Documents/scrm/databurning-scrm-web/logs/","encoding":"utf8","env":"local","level":"DEBUG","consoleLevel":"DEBUG","disableConsoleAfterReady":false,"outputJSON":false,"buffer":true,"appLogName":"ranshu-finance-node.log","coreLogName":"ranshu-finance-node-core.log","agentLogName":"ranshu-finance-node-agent.log","errorLogName":"ranshu-finance-node.err","coreLogger":{"consoleLevel":"WARN"},"allowDebugAtProd":false,"enablePerformanceTimer":false,"type":"application"}
2022-03-25 15:47:15,019 INFO 35868 [egg-multipart] stream mode enable
2022-03-25 15:47:15,293 INFO 35868 [egg-redis] server connecting redis://:***@172.19.228.122:6379/2
2022-03-25 15:47:15,628 INFO 35868 [egg-static] starting static serve /public/ -> /Users/rs-front-01/Documents/scrm/databurning-scrm-web/app/public
2022-03-25 15:47:15,631 INFO 35868 [egg-security] use methodnoallow middleware
2022-03-25 15:47:15,632 INFO 35868 [egg-security] use noopen middleware
2022-03-25 15:47:15,634 INFO 35868 [egg-security] use nosniff middleware
2022-03-25 15:47:15,635 INFO 35868 [egg-security] use xssProtection middleware
2022-03-25 15:47:15,653 INFO 35868 [egg-security] use xframe middleware
2022-03-25 15:47:15,658 INFO 35868 [egg-security] use dta middleware
2022-03-25 15:47:15,658 INFO 35868 [egg-security] compose 6 middlewares into one security middleware
2022-03-25 15:47:15,711 INFO 35868 [egg:core] dump config after load, 6ms
2022-03-25 15:47:15,733 INFO 35868 [egg-watcher:application] watcher start success
2022-03-25 15:47:15,755 INFO 35868 [egg-redis] client connect success
2022-03-25 15:47:15,785 INFO 35868 [egg-redis] instance[0] status OK, client ready
2022-03-25 15:47:15,806 INFO 35868 [egg:core] dump config after ready, 17ms
2022-03-25 15:47:21,267 INFO 35868 [egg-view-nunjucks] loading templates from ["/Users/rs-front-01/Documents/scrm/databurning-scrm-web/app/view"]
2022-03-25 15:50:06,368 INFO 36640 [egg:logger] init all loggers with options: {"dir":"/Users/rs-front-01/Documents/scrm/databurning-scrm-web/logs/","encoding":"utf8","env":"local","level":"DEBUG","consoleLevel":"DEBUG","disableConsoleAfterReady":false,"outputJSON":false,"buffer":true,"appLogName":"ranshu-finance-node.log","coreLogName":"ranshu-finance-node-core.log","agentLogName":"ranshu-finance-node-agent.log","errorLogName":"ranshu-finance-node.err","coreLogger":{"consoleLevel":"WARN"},"allowDebugAtProd":false,"enablePerformanceTimer":false,"type":"application"}
2022-03-25 15:50:06,413 INFO 36640 [egg-multipart] stream mode enable
2022-03-25 15:50:06,515 INFO 36640 [egg-redis] server connecting redis://:***@172.19.228.122:6379/2
2022-03-25 15:50:07,192 INFO 36640 [egg-static] starting static serve /public/ -> /Users/rs-front-01/Documents/scrm/databurning-scrm-web/app/public
2022-03-25 15:50:07,197 INFO 36640 [egg-security] use methodnoallow middleware
2022-03-25 15:50:07,198 INFO 36640 [egg-security] use noopen middleware
2022-03-25 15:50:07,200 INFO 36640 [egg-security] use nosniff middleware
2022-03-25 15:50:07,201 INFO 36640 [egg-security] use xssProtection middleware
2022-03-25 15:50:07,206 INFO 36640 [egg-security] use xframe middleware
2022-03-25 15:50:07,207 INFO 36640 [egg-security] use dta middleware
2022-03-25 15:50:07,207 INFO 36640 [egg-security] compose 6 middlewares into one security middleware
2022-03-25 15:50:07,248 INFO 36640 [egg:core] dump config after load, 15ms
2022-03-25 15:50:07,311 INFO 36640 [egg-redis] client connect success
2022-03-25 15:50:07,315 INFO 36640 [egg-watcher:application] watcher start success
2022-03-25 15:50:07,384 INFO 36640 [egg-redis] instance[0] status OK, client ready
2022-03-25 15:50:07,411 INFO 36640 [egg:core] dump config after ready, 17ms
2022-03-25 15:50:14,303 INFO 36640 [egg-view-nunjucks] loading templates from ["/Users/rs-front-01/Documents/scrm/databurning-scrm-web/app/view"]
2022-03-25 16:30:07,010 WARN 36640 [TCPBase] socket is closed by other side while there were still unhandled data in the socket buffer
2022-03-25 16:30:07,011 WARN 36640 [ClusterClient:Watcher] follower closed, and try to init it again
